#-----------------------------------------------------------
# PlanAhead v14.7 (64-bit)
# Build 321239 by xbuild on Fri Sep 27 19:29:51 MDT 2013
# Start of session at: Sat Nov 14 20:07:28 2020
# Process ID: 4184
# Log file: D:/Work/FPGA Project/SimpleSpace/Oxygen/planAhead_run_1/planAhead.log
# Journal file: D:/Work/FPGA Project/SimpleSpace/Oxygen/planAhead_run_1/planAhead.jou
#-----------------------------------------------------------
INFO: [Common 17-78] Attempting to get a license: PlanAhead
INFO: [Common 17-290] Got license for PlanAhead
INFO: [Device 21-36] Loading parts and site information from D:/Xlinx/14.7/ISE_DS/PlanAhead/data/parts/arch.xml
Parsing RTL primitives file [D:/Xlinx/14.7/ISE_DS/PlanAhead/data/parts/xilinx/rtl/prims/rtl_prims.xml]
Finished parsing RTL primitives file [D:/Xlinx/14.7/ISE_DS/PlanAhead/data/parts/xilinx/rtl/prims/rtl_prims.xml]
start_gui
source {D:/Work/FPGA Project/SimpleSpace/Oxygen/pa.fromHdl.tcl}
# create_project -name Oxygen -dir "D:/Work/FPGA Project/SimpleSpace/Oxygen/planAhead_run_2" -part xc6slx9tqg144-3
# set_param project.pinAheadLayout yes
# set srcset [get_property srcset [current_run -impl]]
# set_property target_constrs_file "Oxygen.ucf" [current_fileset -constrset]
Adding file 'D:/Work/FPGA Project/SimpleSpace/Oxygen/Oxygen.ucf' to fileset 'constrs_1'
# set hdlfile [add_files [list {Oxygen.vhd}]]
# set_property file_type VHDL $hdlfile
# set_property library work $hdlfile
# set_property top Oxygen $srcset
# add_files [list {Oxygen.ucf}] -fileset [get_property constrset [current_run]]
# open_rtl_design -part xc6slx9tqg144-3
Using Verific elaboration
Parsing VHDL file "D:/Xlinx/14.7/ISE_DS/PlanAhead/data/parts/xilinx/rtl/lib/synplify/synattr.vhd" into library synplify
Parsing VHDL file "D:/Xlinx/14.7/ISE_DS/PlanAhead/data/parts/xilinx/rtl/lib/synplify/synattr.vhd" into library synplify
Parsing VHDL file "D:/Work/FPGA Project/SimpleSpace/Oxygen/Oxygen.vhd" into library work
CRITICAL WARNING: [EDIF 20-96] Could not resolve non-primitive black box cell 'BCD_7SEG' instantiated as 'DISTANCE_DISPLAY' [D:/Work/FPGA Project/SimpleSpace/Oxygen/Oxygen.vhd:112]
Resolution: File names need to match cell names: an EDIF definition will be found in BCD_7SEG.edf; an HDL definition may be placed in any Verilog/VHDL file.
Loading clock regions from D:/Xlinx/14.7/ISE_DS/PlanAhead/data\parts/xilinx/spartan6/spartan6lx/xc6slx9/ClockRegion.xml
Loading clock buffers from D:/Xlinx/14.7/ISE_DS/PlanAhead/data\parts/xilinx/spartan6/spartan6lx/xc6slx9/ClockBuffers.xml
Loading package pin functions from D:/Xlinx/14.7/ISE_DS/PlanAhead/data\parts/xilinx/spartan6/PinFunctions.xml...
Loading package from D:/Xlinx/14.7/ISE_DS/PlanAhead/data\parts/xilinx/spartan6/spartan6lx/xc6slx9/tqg144/Package.xml
Loading io standards from D:/Xlinx/14.7/ISE_DS/PlanAhead/data\./parts/xilinx/spartan6/IOStandards.xml
Loading device configuration modes from D:/Xlinx/14.7/ISE_DS/PlanAhead/data\parts/xilinx/spartan6/ConfigModes.xml
Loading list of drcs for the architecture : D:/Xlinx/14.7/ISE_DS/PlanAhead/data\./parts/xilinx/spartan6/drc.xml
Parsing UCF File [D:/Work/FPGA Project/SimpleSpace/Oxygen/Oxygen.ucf]
Finished Parsing UCF File [D:/Work/FPGA Project/SimpleSpace/Oxygen/Oxygen.ucf]
INFO: [Project 1-111] Unisim Transformation Summary:
No Unisim elements were transformed.

Phase 0 | Netlist Checksum: 9b02834d
open_rtl_design: Time (s): elapsed = 00:00:08 . Memory (MB): peak = 614.426 ; gain = 170.711
update_compile_order -fileset sim_1
exit
ERROR: [PlanAhead 12-106] *** Exception: ui.h.b: Found deleted key in HTclEventBroker. Verify if the classes listed here call cleanup()
HTclEvent: DEBUG_CORE_CONFIG_CHANGE   Classes: ui.views.aR 
HTclEvent: DEBUG_PORT_CONFIG_CHANGE   Classes: ui.views.aR 
HTclEvent: SIGNAL_BUS_MODIFY   Classes: ui.views.aR 
HTclEvent: SIGNAL_MODIFY   Classes: ui.views.aR 
 (See D:/Work/FPGA Project/SimpleSpace/Oxygen\planAhead_pid4184.debug)
ERROR: [Common 17-39] 'stop_gui' failed due to earlier errors.
INFO: [Common 17-206] Exiting PlanAhead at Sat Nov 14 20:08:50 2020...
INFO: [Common 17-83] Releasing license: PlanAhead
