#-----------------------------------------------------------
# PlanAhead v14.7 (64-bit)
# Build 321239 by xbuild on Fri Sep 27 19:29:51 MDT 2013
# Start of session at: Thu Nov 26 13:59:58 2020
# Process ID: 8760
# Log file: D:/Work/FPGA Project/SimpleSpace/LabEaxm/planAhead_run_1/planAhead.log
# Journal file: D:/Work/FPGA Project/SimpleSpace/LabEaxm/planAhead_run_1/planAhead.jou
#-----------------------------------------------------------
INFO: [Common 17-78] Attempting to get a license: PlanAhead
INFO: [Common 17-290] Got license for PlanAhead
INFO: [Device 21-36] Loading parts and site information from D:/Xlinx/14.7/ISE_DS/PlanAhead/data/parts/arch.xml
Parsing RTL primitives file [D:/Xlinx/14.7/ISE_DS/PlanAhead/data/parts/xilinx/rtl/prims/rtl_prims.xml]
Finished parsing RTL primitives file [D:/Xlinx/14.7/ISE_DS/PlanAhead/data/parts/xilinx/rtl/prims/rtl_prims.xml]
start_gui
source {D:/Work/FPGA Project/SimpleSpace/LabEaxm/pa.fromHdl.tcl}
# create_project -name LabEaxm -dir "D:/Work/FPGA Project/SimpleSpace/LabEaxm/planAhead_run_1" -part xc6slx9tqg144-3
# set_param project.pinAheadLayout yes
# set srcset [get_property srcset [current_run -impl]]
# set_property target_constrs_file "Exam1.ucf" [current_fileset -constrset]
Adding file 'D:/Work/FPGA Project/SimpleSpace/LabEaxm/Exam1.ucf' to fileset 'constrs_1'
# set hdlfile [add_files [list {Exam1.vhd}]]
# set_property file_type VHDL $hdlfile
# set_property library work $hdlfile
# set_property top Exam1 $srcset
# add_files [list {Exam1.ucf}] -fileset [get_property constrset [current_run]]
# open_rtl_design -part xc6slx9tqg144-3
CRITICAL WARNING: [Designutils 20-742] The top module "Exam1" specified for this project can not be validated. The current project is using automatic hierarchy update mode, and hence a new suitable replacement top will be automatically selected. If this is not desired, please change the hierarchy update mode to one of the manual compile order modes first, and then set top to any desired value.
ERROR: [Designutils 20-730] Could not find a top module in the fileset sources_1.

    while executing
"open_rtl_design -part xc6slx9tqg144-3"
    (file "D:/Work/FPGA Project/SimpleSpace/LabEaxm/pa.fromHdl.tcl" line 13)
exit
ERROR: [PlanAhead 12-106] *** Exception: ui.h.b: Found deleted key in HTclEventBroker. Verify if the classes listed here call cleanup()
HTclEvent: SIGNAL_BUS_MODIFY   Classes: ui.views.aR 
HTclEvent: DEBUG_PORT_CONFIG_CHANGE   Classes: ui.views.aR 
HTclEvent: DEBUG_CORE_CONFIG_CHANGE   Classes: ui.views.aR 
HTclEvent: SIGNAL_MODIFY   Classes: ui.views.aR 
 (See D:/Work/FPGA Project/SimpleSpace/LabEaxm\planAhead_pid8760.debug)
ERROR: [Common 17-39] 'stop_gui' failed due to earlier errors.
INFO: [Common 17-206] Exiting PlanAhead at Thu Nov 26 14:00:33 2020...
INFO: [Common 17-83] Releasing license: PlanAhead
