
****** PlanAhead v14.7 (64-bit)
  **** Build 321239 by xbuild on Fri Sep 27 19:29:51 MDT 2013
    ** Copyright 1986-1999, 2001-2013 Xilinx, Inc. All Rights Reserved.

INFO: [Common 17-78] Attempting to get a license: PlanAhead
INFO: [Common 17-290] Got license for PlanAhead
INFO: [Device 21-36] Loading parts and site information from D:/Xlinx/14.7/ISE_DS/PlanAhead/data/parts/arch.xml
Parsing RTL primitives file [D:/Xlinx/14.7/ISE_DS/PlanAhead/data/parts/xilinx/rtl/prims/rtl_prims.xml]
Finished parsing RTL primitives file [D:/Xlinx/14.7/ISE_DS/PlanAhead/data/parts/xilinx/rtl/prims/rtl_prims.xml]
start_gui
source {D:/Work/FPGA Project/SimpleSpace/Engine/pa.fromNetlist.tcl}
# create_project -name Engine -dir "D:/Work/FPGA Project/SimpleSpace/Engine/planAhead_run_2" -part xc6slx9tqg144-3
# set_property design_mode GateLvl [get_property srcset [current_run -impl]]
# set_property edif_top_file "D:/Work/FPGA Project/SimpleSpace/Engine/Engine.ngc" [ get_property srcset [ current_run ] ]
# add_files -norecurse { {D:/Work/FPGA Project/SimpleSpace/Engine} }
# set_property target_constrs_file "Engine.ucf" [current_fileset -constrset]
Adding file 'D:/Work/FPGA Project/SimpleSpace/Engine/Engine.ucf' to fileset 'constrs_1'
# add_files [list {Engine.ucf}] -fileset [get_property constrset [current_run]]
# link_design
Design is defaulting to srcset: sources_1
Design is defaulting to constrset: constrs_1
Design is defaulting to project part: xc6slx9tqg144-3
Release 14.7 - ngc2edif P.20131013 (nt64)
Copyright (c) 1995-2013 Xilinx, Inc.  All rights reserved.
Reading design Engine.ngc ...
WARNING:NetListWriters:298 - No output is written to Engine.xncf, ignored.
Processing design ...
   Preping design's networks ...
   Preping design's macros ...
  finished :Prep
Writing EDIF netlist file Engine.edif ...
ngc2edif: Total memory usage is 4310548 kilobytes

Parsing EDIF File [./planAhead_run_2/Engine.data/cache/Engine_ngc_zx.edif]
Finished Parsing EDIF File [./planAhead_run_2/Engine.data/cache/Engine_ngc_zx.edif]
Loading clock regions from D:/Xlinx/14.7/ISE_DS/PlanAhead/data\parts/xilinx/spartan6/spartan6lx/xc6slx9/ClockRegion.xml
Loading clock buffers from D:/Xlinx/14.7/ISE_DS/PlanAhead/data\parts/xilinx/spartan6/spartan6lx/xc6slx9/ClockBuffers.xml
Loading package pin functions from D:/Xlinx/14.7/ISE_DS/PlanAhead/data\parts/xilinx/spartan6/PinFunctions.xml...
Loading package from D:/Xlinx/14.7/ISE_DS/PlanAhead/data\parts/xilinx/spartan6/spartan6lx/xc6slx9/tqg144/Package.xml
Loading io standards from D:/Xlinx/14.7/ISE_DS/PlanAhead/data\./parts/xilinx/spartan6/IOStandards.xml
Loading device configuration modes from D:/Xlinx/14.7/ISE_DS/PlanAhead/data\parts/xilinx/spartan6/ConfigModes.xml
Loading list of drcs for the architecture : D:/Xlinx/14.7/ISE_DS/PlanAhead/data\./parts/xilinx/spartan6/drc.xml
Parsing UCF File [D:/Work/FPGA Project/SimpleSpace/Engine/Engine.ucf]
Finished Parsing UCF File [D:/Work/FPGA Project/SimpleSpace/Engine/Engine.ucf]
INFO: [Project 1-111] Unisim Transformation Summary:
No Unisim elements were transformed.

Phase 0 | Netlist Checksum: 4e368259
link_design: Time (s): elapsed = 00:00:10 . Memory (MB): peak = 603.820 ; gain = 168.668
exit
ERROR: [Common 17-39] 'stop_gui' failed due to earlier errors.
INFO: [Common 17-206] Exiting PlanAhead at Wed Dec 09 20:21:06 2020...
INFO: [Common 17-83] Releasing license: PlanAhead
