#-----------------------------------------------------------
# PlanAhead v14.7 (64-bit)
# Build 321239 by xbuild on Fri Sep 27 19:29:51 MDT 2013
# Start of session at: Thu Dec 10 23:18:43 2020
# Process ID: 11388
# Log file: D:/Work/FPGA Project/SimpleSpace/Captain/planAhead_run_2/planAhead.log
# Journal file: D:/Work/FPGA Project/SimpleSpace/Captain/planAhead_run_2/planAhead.jou
#-----------------------------------------------------------
INFO: [Common 17-78] Attempting to get a license: PlanAhead
INFO: [Common 17-290] Got license for PlanAhead
INFO: [Device 21-36] Loading parts and site information from D:/Xlinx/14.7/ISE_DS/PlanAhead/data/parts/arch.xml
Parsing RTL primitives file [D:/Xlinx/14.7/ISE_DS/PlanAhead/data/parts/xilinx/rtl/prims/rtl_prims.xml]
Finished parsing RTL primitives file [D:/Xlinx/14.7/ISE_DS/PlanAhead/data/parts/xilinx/rtl/prims/rtl_prims.xml]
start_gui
source {D:/Work/FPGA Project/SimpleSpace/Captain/pa.fromHdl.tcl}
# create_project -name Captain -dir "D:/Work/FPGA Project/SimpleSpace/Captain/planAhead_run_2" -part xc6slx9tqg144-3
ERROR: [Common 17-53] User Exception: Project already exists on disk, please use '-force' option to overwrite: 
     D:/Work/FPGA Project/SimpleSpace/Captain/planAhead_run_2/Captain.ppr
     D:/Work/FPGA Project/SimpleSpace/Captain/planAhead_run_2/Captain.data

    while executing
"create_project -name Captain -dir "D:/Work/FPGA Project/SimpleSpace/Captain/planAhead_run_2" -part xc6slx9tqg144-3"
    (file "D:/Work/FPGA Project/SimpleSpace/Captain/pa.fromHdl.tcl" line 4)
exit
INFO: [Common 17-206] Exiting PlanAhead at Thu Dec 10 23:19:46 2020...
INFO: [Common 17-83] Releasing license: PlanAhead
